2018-10-18 16:34:48.533 [restartedMain] ERROR o.s.b.context.logging.LoggingApplicationListener -Cannot set level: info,CONSOLE for 'org.springframework.web'
2018-10-18 16:34:48.606 [restartedMain] INFO  appMonitor.Application -Starting Application on xiaomi with PID 13204 (C:\Soft\java\ideaWorkspace\AppMonitor\target\classes started by zbd in C:\Soft\java\ideaWorkspace\AppMonitor)
2018-10-18 16:34:48.606 [restartedMain] INFO  appMonitor.Application -No active profile set, falling back to default profiles: default
2018-10-18 16:34:48.643 [restartedMain] INFO  o.s.b.w.s.c.AnnotationConfigServletWebServerApplicationContext -Refreshing org.springframework.boot.web.servlet.context.AnnotationConfigServletWebServerApplicationContext@57ac40d1: startup date [Thu Oct 18 16:34:48 CST 2018]; root of context hierarchy
2018-10-18 16:34:49.486 [restartedMain] WARN  org.mybatis.spring.mapper.ClassPathMapperScanner -No MyBatis mapper was found in '[appMonitor]' package. Please check your configuration.
2018-10-18 16:34:49.990 [restartedMain] INFO  o.s.c.s.PostProcessorRegistrationDelegate$BeanPostProcessorChecker -Bean 'org.springframework.transaction.annotation.ProxyTransactionManagementConfiguration' of type [org.springframework.transaction.annotation.ProxyTransactionManagementConfiguration$$EnhancerBySpringCGLIB$$fa916973] is not eligible for getting processed by all BeanPostProcessors (for example: not eligible for auto-proxying)
2018-10-18 16:34:50.501 [restartedMain] INFO  o.s.boot.web.embedded.tomcat.TomcatWebServer -Tomcat initialized with port(s): 8324 (http)
2018-10-18 16:34:50.516 [restartedMain] INFO  org.apache.coyote.http11.Http11NioProtocol -Initializing ProtocolHandler ["http-nio-8324"]
2018-10-18 16:34:50.528 [restartedMain] INFO  org.apache.catalina.core.StandardService -Starting service [Tomcat]
2018-10-18 16:34:50.528 [restartedMain] INFO  org.apache.catalina.core.StandardEngine -Starting Servlet Engine: Apache Tomcat/8.5.29
2018-10-18 16:34:50.532 [localhost-startStop-1] INFO  org.apache.catalina.core.AprLifecycleListener -The APR based Apache Tomcat Native library which allows optimal performance in production environments was not found on the java.library.path: [C:\Program Files\Java\jdk1.8.0_152\bin;C:\WINDOWS\Sun\Java\bin;C:\WINDOWS\system32;C:\WINDOWS;C:\app\zbd\product\11.2.0\client_1\bin;C:\Soft\plsql\oracle-client\OracleClient;C:\ProgramData\Oracle\Java\javapath;C:;C:\Program Files (x86)\Java\jdk1.7.0_79\bin;C:\Program Files (x86)\Java\jdk1.7.0_79\jre\bin;";C:\Program Files (x86)\Intel\iCLS Client\;C:\Program Files\Intel\iCLS Client\;C:\Windows\system32;C:\Windows;C:\Windows\System32\Wbem;C:\Windows\System32\WindowsPowerShell\v1.0\;C:\Program Files (x86)\Intel\Intel(R) Management Engine Components\DAL;C:\Program Files\Intel\Intel(R) Management Engine Components\DAL;C:\Program Files (x86)\Intel\Intel(R) Management Engine Components\IPT;C:\Program Files\Intel\Intel(R) Management Engine Components\IPT;C:\Program Files (x86)\NVIDIA Corporation\PhysX\Common;C:\Program Files\Intel\WiFi\bin\;C:\Program Files\Common Files\Intel\WirelessCommon\;C:\Soft\MySql\mysql\bin;C:\Program Files\MySQL\MySQL Utilities 1.6\;D:\soft\maven\apache-maven-3.3.9\bin;C:\Soft\Python；;;C:\WINDOWS\system32;C:\WINDOWS;C:\WINDOWS\System32\Wbem;C:\WINDOWS\System32\WindowsPowerShell\v1.0\";C:\WINDOWS/system32;D:\Soft\gradle\gradle-4.9\bin;C:\Program Files\TortoiseSVN\bin;D:\Java\WebService\bin;C:\Soft\Python\Scripts\;C:\Soft\Python\;C:\Users\张东东\AppData\Local\Microsoft\WindowsApps;;.]
2018-10-18 16:34:51.047 [localhost-startStop-1] INFO  o.a.c.core.ContainerBase.[Tomcat].[localhost].[/] -Initializing Spring embedded WebApplicationContext
2018-10-18 16:34:51.049 [localhost-startStop-1] INFO  org.springframework.web.context.ContextLoader -Root WebApplicationContext: initialization completed in 2406 ms
2018-10-18 16:34:51.887 [localhost-startStop-1] INFO  o.s.boot.web.servlet.ServletRegistrationBean -Servlet dispatcherServlet mapped to [/]
2018-10-18 16:34:51.891 [localhost-startStop-1] INFO  o.s.boot.web.servlet.FilterRegistrationBean -Mapping filter: 'characterEncodingFilter' to: [/*]
2018-10-18 16:34:51.892 [localhost-startStop-1] INFO  o.s.boot.web.servlet.FilterRegistrationBean -Mapping filter: 'hiddenHttpMethodFilter' to: [/*]
2018-10-18 16:34:51.893 [localhost-startStop-1] INFO  o.s.boot.web.servlet.FilterRegistrationBean -Mapping filter: 'httpPutFormContentFilter' to: [/*]
2018-10-18 16:34:51.893 [localhost-startStop-1] INFO  o.s.boot.web.servlet.FilterRegistrationBean -Mapping filter: 'requestContextFilter' to: [/*]
2018-10-18 16:34:51.893 [localhost-startStop-1] INFO  o.s.boot.web.servlet.FilterRegistrationBean -Mapping filter: 'httpTraceFilter' to: [/*]
2018-10-18 16:34:51.894 [localhost-startStop-1] INFO  o.s.boot.web.servlet.FilterRegistrationBean -Mapping filter: 'webMvcMetricsFilter' to: [/*]
2018-10-18 16:34:52.056 [restartedMain] INFO  o.s.web.servlet.handler.SimpleUrlHandlerMapping -Mapped URL path [/**/favicon.ico] onto handler of type [class org.springframework.web.servlet.resource.ResourceHttpRequestHandler]
2018-10-18 16:34:52.373 [restartedMain] INFO  o.s.w.s.m.m.a.RequestMappingHandlerAdapter -Looking for @ControllerAdvice: org.springframework.boot.web.servlet.context.AnnotationConfigServletWebServerApplicationContext@57ac40d1: startup date [Thu Oct 18 16:34:48 CST 2018]; root of context hierarchy
2018-10-18 16:34:52.425 [restartedMain] INFO  o.s.w.s.m.m.a.RequestMappingHandlerMapping -Mapped "{[/content],methods=[POST]}" onto public java.lang.String appMonitor.controller.AppController.content()
2018-10-18 16:34:52.426 [restartedMain] INFO  o.s.w.s.m.m.a.RequestMappingHandlerMapping -Mapped "{[/appInstallpage],methods=[POST]}" onto public java.lang.String appMonitor.controller.AppController.appInstall()
2018-10-18 16:34:52.428 [restartedMain] INFO  o.s.w.s.m.m.a.RequestMappingHandlerMapping -Mapped "{[/getAppInfo/{info}]}" onto public java.lang.String appMonitor.controller.GetAppInfoController.getAppInfo(appMonitor.entity.AppInfo)
2018-10-18 16:34:52.429 [restartedMain] INFO  o.s.w.s.m.m.a.RequestMappingHandlerMapping -Mapped "{[/main]}" onto public java.lang.String appMonitor.controller.LoginController.loginSystem()
2018-10-18 16:34:52.429 [restartedMain] INFO  o.s.w.s.m.m.a.RequestMappingHandlerMapping -Mapped "{[/checkdate]}" onto public java.util.Map appMonitor.controller.LoginController.retAjaxDate()
2018-10-18 16:34:52.429 [restartedMain] INFO  o.s.w.s.m.m.a.RequestMappingHandlerMapping -Mapped "{[/login]}" onto public java.lang.String appMonitor.controller.LoginController.login(javax.servlet.http.HttpServletRequest,javax.servlet.http.HttpServletResponse)
2018-10-18 16:34:52.429 [restartedMain] INFO  o.s.w.s.m.m.a.RequestMappingHandlerMapping -Mapped "{[/actuator/rebootapp],methods=[POST]}" onto public java.lang.String appMonitor.controller.RebootAppsController.rebootApp(java.lang.String,java.lang.String)
2018-10-18 16:34:52.432 [restartedMain] INFO  o.s.w.s.m.m.a.RequestMappingHandlerMapping -Mapped "{[/error]}" onto public org.springframework.http.ResponseEntity<java.util.Map<java.lang.String, java.lang.Object>> org.springframework.boot.autoconfigure.web.servlet.error.BasicErrorController.error(javax.servlet.http.HttpServletRequest)
2018-10-18 16:34:52.433 [restartedMain] INFO  o.s.w.s.m.m.a.RequestMappingHandlerMapping -Mapped "{[/error],produces=[text/html]}" onto public org.springframework.web.servlet.ModelAndView org.springframework.boot.autoconfigure.web.servlet.error.BasicErrorController.errorHtml(javax.servlet.http.HttpServletRequest,javax.servlet.http.HttpServletResponse)
2018-10-18 16:34:52.466 [restartedMain] INFO  o.s.web.servlet.handler.SimpleUrlHandlerMapping -Mapped URL path [/webjars/**] onto handler of type [class org.springframework.web.servlet.resource.ResourceHttpRequestHandler]
2018-10-18 16:34:52.467 [restartedMain] INFO  o.s.web.servlet.handler.SimpleUrlHandlerMapping -Mapped URL path [/**] onto handler of type [class org.springframework.web.servlet.resource.ResourceHttpRequestHandler]
2018-10-18 16:34:53.185 [restartedMain] WARN  o.s.b.d.autoconfigure.OptionalLiveReloadServer -Unable to start LiveReload server
2018-10-18 16:34:53.198 [restartedMain] INFO  o.s.b.actuate.endpoint.web.EndpointLinksResolver -Exposing 15 endpoint(s) beneath base path '/actuator'
2018-10-18 16:34:53.206 [restartedMain] INFO  o.s.b.a.e.web.servlet.WebMvcEndpointHandlerMapping -Mapped "{[/actuator/auditevents],methods=[GET],produces=[application/vnd.spring-boot.actuator.v2+json || application/json]}" onto public java.lang.Object org.springframework.boot.actuate.endpoint.web.servlet.AbstractWebMvcEndpointHandlerMapping$OperationHandler.handle(javax.servlet.http.HttpServletRequest,java.util.Map<java.lang.String, java.lang.String>)
2018-10-18 16:34:53.206 [restartedMain] INFO  o.s.b.a.e.web.servlet.WebMvcEndpointHandlerMapping -Mapped "{[/actuator/beans],methods=[GET],produces=[application/vnd.spring-boot.actuator.v2+json || application/json]}" onto public java.lang.Object org.springframework.boot.actuate.endpoint.web.servlet.AbstractWebMvcEndpointHandlerMapping$OperationHandler.handle(javax.servlet.http.HttpServletRequest,java.util.Map<java.lang.String, java.lang.String>)
2018-10-18 16:34:53.206 [restartedMain] INFO  o.s.b.a.e.web.servlet.WebMvcEndpointHandlerMapping -Mapped "{[/actuator/health],methods=[GET],produces=[application/vnd.spring-boot.actuator.v2+json || application/json]}" onto public java.lang.Object org.springframework.boot.actuate.endpoint.web.servlet.AbstractWebMvcEndpointHandlerMapping$OperationHandler.handle(javax.servlet.http.HttpServletRequest,java.util.Map<java.lang.String, java.lang.String>)
2018-10-18 16:34:53.207 [restartedMain] INFO  o.s.b.a.e.web.servlet.WebMvcEndpointHandlerMapping -Mapped "{[/actuator/conditions],methods=[GET],produces=[application/vnd.spring-boot.actuator.v2+json || application/json]}" onto public java.lang.Object org.springframework.boot.actuate.endpoint.web.servlet.AbstractWebMvcEndpointHandlerMapping$OperationHandler.handle(javax.servlet.http.HttpServletRequest,java.util.Map<java.lang.String, java.lang.String>)
2018-10-18 16:34:53.207 [restartedMain] INFO  o.s.b.a.e.web.servlet.WebMvcEndpointHandlerMapping -Mapped "{[/actuator/shutdown],methods=[POST],produces=[application/vnd.spring-boot.actuator.v2+json || application/json]}" onto public java.lang.Object org.springframework.boot.actuate.endpoint.web.servlet.AbstractWebMvcEndpointHandlerMapping$OperationHandler.handle(javax.servlet.http.HttpServletRequest,java.util.Map<java.lang.String, java.lang.String>)
2018-10-18 16:34:53.207 [restartedMain] INFO  o.s.b.a.e.web.servlet.WebMvcEndpointHandlerMapping -Mapped "{[/actuator/configprops],methods=[GET],produces=[application/vnd.spring-boot.actuator.v2+json || application/json]}" onto public java.lang.Object org.springframework.boot.actuate.endpoint.web.servlet.AbstractWebMvcEndpointHandlerMapping$OperationHandler.handle(javax.servlet.http.HttpServletRequest,java.util.Map<java.lang.String, java.lang.String>)
2018-10-18 16:34:53.207 [restartedMain] INFO  o.s.b.a.e.web.servlet.WebMvcEndpointHandlerMapping -Mapped "{[/actuator/env],methods=[GET],produces=[application/vnd.spring-boot.actuator.v2+json || application/json]}" onto public java.lang.Object org.springframework.boot.actuate.endpoint.web.servlet.AbstractWebMvcEndpointHandlerMapping$OperationHandler.handle(javax.servlet.http.HttpServletRequest,java.util.Map<java.lang.String, java.lang.String>)
2018-10-18 16:34:53.207 [restartedMain] INFO  o.s.b.a.e.web.servlet.WebMvcEndpointHandlerMapping -Mapped "{[/actuator/env/{toMatch}],methods=[GET],produces=[application/vnd.spring-boot.actuator.v2+json || application/json]}" onto public java.lang.Object org.springframework.boot.actuate.endpoint.web.servlet.AbstractWebMvcEndpointHandlerMapping$OperationHandler.handle(javax.servlet.http.HttpServletRequest,java.util.Map<java.lang.String, java.lang.String>)
2018-10-18 16:34:53.207 [restartedMain] INFO  o.s.b.a.e.web.servlet.WebMvcEndpointHandlerMapping -Mapped "{[/actuator/info],methods=[GET],produces=[application/vnd.spring-boot.actuator.v2+json || application/json]}" onto public java.lang.Object org.springframework.boot.actuate.endpoint.web.servlet.AbstractWebMvcEndpointHandlerMapping$OperationHandler.handle(javax.servlet.http.HttpServletRequest,java.util.Map<java.lang.String, java.lang.String>)
2018-10-18 16:34:53.208 [restartedMain] INFO  o.s.b.a.e.web.servlet.WebMvcEndpointHandlerMapping -Mapped "{[/actuator/loggers],methods=[GET],produces=[application/vnd.spring-boot.actuator.v2+json || application/json]}" onto public java.lang.Object org.springframework.boot.actuate.endpoint.web.servlet.AbstractWebMvcEndpointHandlerMapping$OperationHandler.handle(javax.servlet.http.HttpServletRequest,java.util.Map<java.lang.String, java.lang.String>)
2018-10-18 16:34:53.211 [restartedMain] INFO  o.s.b.a.e.web.servlet.WebMvcEndpointHandlerMapping -Mapped "{[/actuator/loggers/{name}],methods=[POST],consumes=[application/vnd.spring-boot.actuator.v2+json || application/json]}" onto public java.lang.Object org.springframework.boot.actuate.endpoint.web.servlet.AbstractWebMvcEndpointHandlerMapping$OperationHandler.handle(javax.servlet.http.HttpServletRequest,java.util.Map<java.lang.String, java.lang.String>)
2018-10-18 16:34:53.212 [restartedMain] INFO  o.s.b.a.e.web.servlet.WebMvcEndpointHandlerMapping -Mapped "{[/actuator/loggers/{name}],methods=[GET],produces=[application/vnd.spring-boot.actuator.v2+json || application/json]}" onto public java.lang.Object org.springframework.boot.actuate.endpoint.web.servlet.AbstractWebMvcEndpointHandlerMapping$OperationHandler.handle(javax.servlet.http.HttpServletRequest,java.util.Map<java.lang.String, java.lang.String>)
2018-10-18 16:34:53.212 [restartedMain] INFO  o.s.b.a.e.web.servlet.WebMvcEndpointHandlerMapping -Mapped "{[/actuator/heapdump],methods=[GET],produces=[application/octet-stream]}" onto public java.lang.Object org.springframework.boot.actuate.endpoint.web.servlet.AbstractWebMvcEndpointHandlerMapping$OperationHandler.handle(javax.servlet.http.HttpServletRequest,java.util.Map<java.lang.String, java.lang.String>)
2018-10-18 16:34:53.213 [restartedMain] INFO  o.s.b.a.e.web.servlet.WebMvcEndpointHandlerMapping -Mapped "{[/actuator/threaddump],methods=[GET],produces=[application/vnd.spring-boot.actuator.v2+json || application/json]}" onto public java.lang.Object org.springframework.boot.actuate.endpoint.web.servlet.AbstractWebMvcEndpointHandlerMapping$OperationHandler.handle(javax.servlet.http.HttpServletRequest,java.util.Map<java.lang.String, java.lang.String>)
2018-10-18 16:34:53.213 [restartedMain] INFO  o.s.b.a.e.web.servlet.WebMvcEndpointHandlerMapping -Mapped "{[/actuator/metrics/{requiredMetricName}],methods=[GET],produces=[application/vnd.spring-boot.actuator.v2+json || application/json]}" onto public java.lang.Object org.springframework.boot.actuate.endpoint.web.servlet.AbstractWebMvcEndpointHandlerMapping$OperationHandler.handle(javax.servlet.http.HttpServletRequest,java.util.Map<java.lang.String, java.lang.String>)
2018-10-18 16:34:53.213 [restartedMain] INFO  o.s.b.a.e.web.servlet.WebMvcEndpointHandlerMapping -Mapped "{[/actuator/metrics],methods=[GET],produces=[application/vnd.spring-boot.actuator.v2+json || application/json]}" onto public java.lang.Object org.springframework.boot.actuate.endpoint.web.servlet.AbstractWebMvcEndpointHandlerMapping$OperationHandler.handle(javax.servlet.http.HttpServletRequest,java.util.Map<java.lang.String, java.lang.String>)
2018-10-18 16:34:53.213 [restartedMain] INFO  o.s.b.a.e.web.servlet.WebMvcEndpointHandlerMapping -Mapped "{[/actuator/scheduledtasks],methods=[GET],produces=[application/vnd.spring-boot.actuator.v2+json || application/json]}" onto public java.lang.Object org.springframework.boot.actuate.endpoint.web.servlet.AbstractWebMvcEndpointHandlerMapping$OperationHandler.handle(javax.servlet.http.HttpServletRequest,java.util.Map<java.lang.String, java.lang.String>)
2018-10-18 16:34:53.214 [restartedMain] INFO  o.s.b.a.e.web.servlet.WebMvcEndpointHandlerMapping -Mapped "{[/actuator/httptrace],methods=[GET],produces=[application/vnd.spring-boot.actuator.v2+json || application/json]}" onto public java.lang.Object org.springframework.boot.actuate.endpoint.web.servlet.AbstractWebMvcEndpointHandlerMapping$OperationHandler.handle(javax.servlet.http.HttpServletRequest,java.util.Map<java.lang.String, java.lang.String>)
2018-10-18 16:34:53.214 [restartedMain] INFO  o.s.b.a.e.web.servlet.WebMvcEndpointHandlerMapping -Mapped "{[/actuator/mappings],methods=[GET],produces=[application/vnd.spring-boot.actuator.v2+json || application/json]}" onto public java.lang.Object org.springframework.boot.actuate.endpoint.web.servlet.AbstractWebMvcEndpointHandlerMapping$OperationHandler.handle(javax.servlet.http.HttpServletRequest,java.util.Map<java.lang.String, java.lang.String>)
2018-10-18 16:34:53.214 [restartedMain] INFO  o.s.b.a.e.web.servlet.WebMvcEndpointHandlerMapping -Mapped "{[/actuator],methods=[GET],produces=[application/vnd.spring-boot.actuator.v2+json || application/json]}" onto protected java.util.Map<java.lang.String, java.util.Map<java.lang.String, org.springframework.boot.actuate.endpoint.web.Link>> org.springframework.boot.actuate.endpoint.web.servlet.WebMvcEndpointHandlerMapping.links(javax.servlet.http.HttpServletRequest,javax.servlet.http.HttpServletResponse)
2018-10-18 16:34:53.263 [restartedMain] INFO  o.s.jmx.export.annotation.AnnotationMBeanExporter -Registering beans for JMX exposure on startup
2018-10-18 16:34:53.264 [restartedMain] INFO  o.s.jmx.export.annotation.AnnotationMBeanExporter -Bean with name 'dataSource' has been autodetected for JMX exposure
2018-10-18 16:34:53.270 [restartedMain] INFO  o.s.jmx.export.annotation.AnnotationMBeanExporter -Located MBean 'dataSource': registering with JMX server as MBean [com.alibaba.druid.pool:name=dataSource,type=DruidDataSource]
2018-10-18 16:34:53.285 [restartedMain] INFO  org.apache.coyote.http11.Http11NioProtocol -Starting ProtocolHandler ["http-nio-8324"]
2018-10-18 16:34:53.295 [restartedMain] ERROR org.apache.catalina.core.StandardService -Failed to start connector [Connector[HTTP/1.1-8324]]
org.apache.catalina.LifecycleException: Failed to start component [Connector[HTTP/1.1-8324]]
	at org.apache.catalina.util.LifecycleBase.start(LifecycleBase.java:167)
	at org.apache.catalina.core.StandardService.addConnector(StandardService.java:225)
	at org.springframework.boot.web.embedded.tomcat.TomcatWebServer.addPreviouslyRemovedConnectors(TomcatWebServer.java:256)
	at org.springframework.boot.web.embedded.tomcat.TomcatWebServer.start(TomcatWebServer.java:198)
	at org.springframework.boot.web.servlet.context.ServletWebServerApplicationContext.startWebServer(ServletWebServerApplicationContext.java:300)
	at org.springframework.boot.web.servlet.context.ServletWebServerApplicationContext.finishRefresh(ServletWebServerApplicationContext.java:162)
	at org.springframework.context.support.AbstractApplicationContext.refresh(AbstractApplicationContext.java:553)
	at org.springframework.boot.web.servlet.context.ServletWebServerApplicationContext.refresh(ServletWebServerApplicationContext.java:140)
	at org.springframework.boot.SpringApplication.refresh(SpringApplication.java:759)
	at org.springframework.boot.SpringApplication.refreshContext(SpringApplication.java:395)
	at org.springframework.boot.SpringApplication.run(SpringApplication.java:327)
	at org.springframework.boot.SpringApplication.run(SpringApplication.java:1255)
	at org.springframework.boot.SpringApplication.run(SpringApplication.java:1243)
	at appMonitor.Application.main(Application.java:9)
	at sun.reflect.NativeMethodAccessorImpl.invoke0(Native Method)
	at sun.reflect.NativeMethodAccessorImpl.invoke(NativeMethodAccessorImpl.java:62)
	at sun.reflect.DelegatingMethodAccessorImpl.invoke(DelegatingMethodAccessorImpl.java:43)
	at java.lang.reflect.Method.invoke(Method.java:498)
	at org.springframework.boot.devtools.restart.RestartLauncher.run(RestartLauncher.java:49)
Caused by: org.apache.catalina.LifecycleException: Protocol handler start failed
	at org.apache.catalina.connector.Connector.startInternal(Connector.java:1020)
	at org.apache.catalina.util.LifecycleBase.start(LifecycleBase.java:150)
	... 18 common frames omitted
Caused by: java.net.BindException: Address already in use: bind
	at sun.nio.ch.Net.bind0(Native Method)
	at sun.nio.ch.Net.bind(Net.java:433)
	at sun.nio.ch.Net.bind(Net.java:425)
	at sun.nio.ch.ServerSocketChannelImpl.bind(ServerSocketChannelImpl.java:223)
	at sun.nio.ch.ServerSocketAdaptor.bind(ServerSocketAdaptor.java:74)
	at org.apache.tomcat.util.net.NioEndpoint.bind(NioEndpoint.java:210)
	at org.apache.tomcat.util.net.AbstractEndpoint.start(AbstractEndpoint.java:1150)
	at org.apache.coyote.AbstractProtocol.start(AbstractProtocol.java:591)
	at org.apache.catalina.connector.Connector.startInternal(Connector.java:1018)
	... 19 common frames omitted
2018-10-18 16:34:53.299 [restartedMain] INFO  org.apache.coyote.http11.Http11NioProtocol -Pausing ProtocolHandler ["http-nio-8324"]
2018-10-18 16:34:53.299 [restartedMain] INFO  org.apache.catalina.core.StandardService -Stopping service [Tomcat]
2018-10-18 16:34:53.314 [restartedMain] INFO  org.apache.catalina.util.LifecycleBase -The stop() method was called on component [StandardServer[-1]] after stop() had already been called. The second call will be ignored.
2018-10-18 16:34:53.314 [restartedMain] INFO  org.apache.coyote.http11.Http11NioProtocol -Stopping ProtocolHandler ["http-nio-8324"]
2018-10-18 16:34:53.315 [restartedMain] INFO  org.apache.coyote.http11.Http11NioProtocol -Destroying ProtocolHandler ["http-nio-8324"]
2018-10-18 16:34:53.318 [restartedMain] INFO  o.s.b.a.l.ConditionEvaluationReportLoggingListener -

Error starting ApplicationContext. To display the conditions report re-run your application with 'debug' enabled.
2018-10-18 16:34:53.322 [restartedMain] ERROR o.s.b.diagnostics.LoggingFailureAnalysisReporter -

***************************
APPLICATION FAILED TO START
***************************

Description:

The Tomcat connector configured to listen on port 8324 failed to start. The port may already be in use or the connector may be misconfigured.

Action:

Verify the connector's configuration, identify and stop any process that's listening on port 8324, or configure this application to listen on another port.

2018-10-18 16:34:53.323 [restartedMain] INFO  o.s.b.w.s.c.AnnotationConfigServletWebServerApplicationContext -Closing org.springframework.boot.web.servlet.context.AnnotationConfigServletWebServerApplicationContext@57ac40d1: startup date [Thu Oct 18 16:34:48 CST 2018]; root of context hierarchy
2018-10-18 16:34:53.327 [restartedMain] INFO  o.s.jmx.export.annotation.AnnotationMBeanExporter -Unregistering JMX-exposed beans on shutdown
2018-10-18 16:34:53.327 [restartedMain] INFO  o.s.jmx.export.annotation.AnnotationMBeanExporter -Unregistering JMX-exposed beans
2018-10-18 16:35:52.825 [restartedMain] ERROR o.s.b.context.logging.LoggingApplicationListener -Cannot set level: info,CONSOLE for 'org.springframework.web'
2018-10-18 16:35:52.890 [restartedMain] INFO  appMonitor.Application -Starting Application on xiaomi with PID 23476 (C:\Soft\java\ideaWorkspace\AppMonitor\target\classes started by zbd in C:\Soft\java\ideaWorkspace\AppMonitor)
2018-10-18 16:35:52.891 [restartedMain] INFO  appMonitor.Application -No active profile set, falling back to default profiles: default
2018-10-18 16:35:52.930 [restartedMain] INFO  o.s.b.w.s.c.AnnotationConfigServletWebServerApplicationContext -Refreshing org.springframework.boot.web.servlet.context.AnnotationConfigServletWebServerApplicationContext@5414f181: startup date [Thu Oct 18 16:35:52 CST 2018]; root of context hierarchy
2018-10-18 16:35:53.655 [restartedMain] WARN  org.mybatis.spring.mapper.ClassPathMapperScanner -No MyBatis mapper was found in '[appMonitor]' package. Please check your configuration.
2018-10-18 16:35:54.153 [restartedMain] INFO  o.s.c.s.PostProcessorRegistrationDelegate$BeanPostProcessorChecker -Bean 'org.springframework.transaction.annotation.ProxyTransactionManagementConfiguration' of type [org.springframework.transaction.annotation.ProxyTransactionManagementConfiguration$$EnhancerBySpringCGLIB$$ec70d76a] is not eligible for getting processed by all BeanPostProcessors (for example: not eligible for auto-proxying)
2018-10-18 16:35:54.583 [restartedMain] INFO  o.s.boot.web.embedded.tomcat.TomcatWebServer -Tomcat initialized with port(s): 8324 (http)
2018-10-18 16:35:54.595 [restartedMain] INFO  org.apache.coyote.http11.Http11NioProtocol -Initializing ProtocolHandler ["http-nio-8324"]
2018-10-18 16:35:54.605 [restartedMain] INFO  org.apache.catalina.core.StandardService -Starting service [Tomcat]
2018-10-18 16:35:54.605 [restartedMain] INFO  org.apache.catalina.core.StandardEngine -Starting Servlet Engine: Apache Tomcat/8.5.29
2018-10-18 16:35:54.610 [localhost-startStop-1] INFO  org.apache.catalina.core.AprLifecycleListener -The APR based Apache Tomcat Native library which allows optimal performance in production environments was not found on the java.library.path: [C:\Program Files\Java\jdk1.8.0_152\bin;C:\WINDOWS\Sun\Java\bin;C:\WINDOWS\system32;C:\WINDOWS;C:\app\zbd\product\11.2.0\client_1\bin;C:\Soft\plsql\oracle-client\OracleClient;C:\ProgramData\Oracle\Java\javapath;C:;C:\Program Files (x86)\Java\jdk1.7.0_79\bin;C:\Program Files (x86)\Java\jdk1.7.0_79\jre\bin;";C:\Program Files (x86)\Intel\iCLS Client\;C:\Program Files\Intel\iCLS Client\;C:\Windows\system32;C:\Windows;C:\Windows\System32\Wbem;C:\Windows\System32\WindowsPowerShell\v1.0\;C:\Program Files (x86)\Intel\Intel(R) Management Engine Components\DAL;C:\Program Files\Intel\Intel(R) Management Engine Components\DAL;C:\Program Files (x86)\Intel\Intel(R) Management Engine Components\IPT;C:\Program Files\Intel\Intel(R) Management Engine Components\IPT;C:\Program Files (x86)\NVIDIA Corporation\PhysX\Common;C:\Program Files\Intel\WiFi\bin\;C:\Program Files\Common Files\Intel\WirelessCommon\;C:\Soft\MySql\mysql\bin;C:\Program Files\MySQL\MySQL Utilities 1.6\;D:\soft\maven\apache-maven-3.3.9\bin;C:\Soft\Python；;;C:\WINDOWS\system32;C:\WINDOWS;C:\WINDOWS\System32\Wbem;C:\WINDOWS\System32\WindowsPowerShell\v1.0\";C:\WINDOWS/system32;D:\Soft\gradle\gradle-4.9\bin;C:\Program Files\TortoiseSVN\bin;D:\Java\WebService\bin;C:\Soft\Python\Scripts\;C:\Soft\Python\;C:\Users\张东东\AppData\Local\Microsoft\WindowsApps;;.]
2018-10-18 16:35:54.720 [localhost-startStop-1] INFO  o.a.c.core.ContainerBase.[Tomcat].[localhost].[/] -Initializing Spring embedded WebApplicationContext
2018-10-18 16:35:54.721 [localhost-startStop-1] INFO  org.springframework.web.context.ContextLoader -Root WebApplicationContext: initialization completed in 1791 ms
2018-10-18 16:35:55.541 [localhost-startStop-1] INFO  o.s.boot.web.servlet.ServletRegistrationBean -Servlet dispatcherServlet mapped to [/]
2018-10-18 16:35:55.545 [localhost-startStop-1] INFO  o.s.boot.web.servlet.FilterRegistrationBean -Mapping filter: 'characterEncodingFilter' to: [/*]
2018-10-18 16:35:55.547 [localhost-startStop-1] INFO  o.s.boot.web.servlet.FilterRegistrationBean -Mapping filter: 'hiddenHttpMethodFilter' to: [/*]
2018-10-18 16:35:55.548 [localhost-startStop-1] INFO  o.s.boot.web.servlet.FilterRegistrationBean -Mapping filter: 'httpPutFormContentFilter' to: [/*]
2018-10-18 16:35:55.548 [localhost-startStop-1] INFO  o.s.boot.web.servlet.FilterRegistrationBean -Mapping filter: 'requestContextFilter' to: [/*]
2018-10-18 16:35:55.548 [localhost-startStop-1] INFO  o.s.boot.web.servlet.FilterRegistrationBean -Mapping filter: 'httpTraceFilter' to: [/*]
2018-10-18 16:35:55.548 [localhost-startStop-1] INFO  o.s.boot.web.servlet.FilterRegistrationBean -Mapping filter: 'webMvcMetricsFilter' to: [/*]
2018-10-18 16:35:55.681 [restartedMain] INFO  o.s.web.servlet.handler.SimpleUrlHandlerMapping -Mapped URL path [/**/favicon.ico] onto handler of type [class org.springframework.web.servlet.resource.ResourceHttpRequestHandler]
2018-10-18 16:35:55.913 [restartedMain] INFO  o.s.w.s.m.m.a.RequestMappingHandlerAdapter -Looking for @ControllerAdvice: org.springframework.boot.web.servlet.context.AnnotationConfigServletWebServerApplicationContext@5414f181: startup date [Thu Oct 18 16:35:52 CST 2018]; root of context hierarchy
2018-10-18 16:35:55.959 [restartedMain] INFO  o.s.w.s.m.m.a.RequestMappingHandlerMapping -Mapped "{[/content],methods=[POST]}" onto public java.lang.String appMonitor.controller.AppController.content()
2018-10-18 16:35:55.959 [restartedMain] INFO  o.s.w.s.m.m.a.RequestMappingHandlerMapping -Mapped "{[/appInstallpage],methods=[POST]}" onto public java.lang.String appMonitor.controller.AppController.appInstall()
2018-10-18 16:35:55.962 [restartedMain] INFO  o.s.w.s.m.m.a.RequestMappingHandlerMapping -Mapped "{[/getAppInfo/{info}]}" onto public java.lang.String appMonitor.controller.GetAppInfoController.getAppInfo(appMonitor.entity.AppInfo)
2018-10-18 16:35:55.963 [restartedMain] INFO  o.s.w.s.m.m.a.RequestMappingHandlerMapping -Mapped "{[/login]}" onto public java.lang.String appMonitor.controller.LoginController.login(javax.servlet.http.HttpServletRequest,javax.servlet.http.HttpServletResponse)
2018-10-18 16:35:55.963 [restartedMain] INFO  o.s.w.s.m.m.a.RequestMappingHandlerMapping -Mapped "{[/checkdate]}" onto public java.util.Map appMonitor.controller.LoginController.retAjaxDate()
2018-10-18 16:35:55.963 [restartedMain] INFO  o.s.w.s.m.m.a.RequestMappingHandlerMapping -Mapped "{[/main]}" onto public java.lang.String appMonitor.controller.LoginController.loginSystem()
2018-10-18 16:35:55.963 [restartedMain] INFO  o.s.w.s.m.m.a.RequestMappingHandlerMapping -Mapped "{[/actuator/rebootapp],methods=[POST]}" onto public java.lang.String appMonitor.controller.RebootAppsController.rebootApp(java.lang.String,java.lang.String)
2018-10-18 16:35:55.965 [restartedMain] INFO  o.s.w.s.m.m.a.RequestMappingHandlerMapping -Mapped "{[/error]}" onto public org.springframework.http.ResponseEntity<java.util.Map<java.lang.String, java.lang.Object>> org.springframework.boot.autoconfigure.web.servlet.error.BasicErrorController.error(javax.servlet.http.HttpServletRequest)
2018-10-18 16:35:55.966 [restartedMain] INFO  o.s.w.s.m.m.a.RequestMappingHandlerMapping -Mapped "{[/error],produces=[text/html]}" onto public org.springframework.web.servlet.ModelAndView org.springframework.boot.autoconfigure.web.servlet.error.BasicErrorController.errorHtml(javax.servlet.http.HttpServletRequest,javax.servlet.http.HttpServletResponse)
2018-10-18 16:35:56.002 [restartedMain] INFO  o.s.web.servlet.handler.SimpleUrlHandlerMapping -Mapped URL path [/webjars/**] onto handler of type [class org.springframework.web.servlet.resource.ResourceHttpRequestHandler]
2018-10-18 16:35:56.003 [restartedMain] INFO  o.s.web.servlet.handler.SimpleUrlHandlerMapping -Mapped URL path [/**] onto handler of type [class org.springframework.web.servlet.resource.ResourceHttpRequestHandler]
2018-10-18 16:35:56.659 [restartedMain] INFO  o.s.b.d.autoconfigure.OptionalLiveReloadServer -LiveReload server is running on port 35729
2018-10-18 16:35:56.673 [restartedMain] INFO  o.s.b.actuate.endpoint.web.EndpointLinksResolver -Exposing 15 endpoint(s) beneath base path '/actuator'
2018-10-18 16:35:56.682 [restartedMain] INFO  o.s.b.a.e.web.servlet.WebMvcEndpointHandlerMapping -Mapped "{[/actuator/auditevents],methods=[GET],produces=[application/vnd.spring-boot.actuator.v2+json || application/json]}" onto public java.lang.Object org.springframework.boot.actuate.endpoint.web.servlet.AbstractWebMvcEndpointHandlerMapping$OperationHandler.handle(javax.servlet.http.HttpServletRequest,java.util.Map<java.lang.String, java.lang.String>)
2018-10-18 16:35:56.683 [restartedMain] INFO  o.s.b.a.e.web.servlet.WebMvcEndpointHandlerMapping -Mapped "{[/actuator/beans],methods=[GET],produces=[application/vnd.spring-boot.actuator.v2+json || application/json]}" onto public java.lang.Object org.springframework.boot.actuate.endpoint.web.servlet.AbstractWebMvcEndpointHandlerMapping$OperationHandler.handle(javax.servlet.http.HttpServletRequest,java.util.Map<java.lang.String, java.lang.String>)
2018-10-18 16:35:56.683 [restartedMain] INFO  o.s.b.a.e.web.servlet.WebMvcEndpointHandlerMapping -Mapped "{[/actuator/health],methods=[GET],produces=[application/vnd.spring-boot.actuator.v2+json || application/json]}" onto public java.lang.Object org.springframework.boot.actuate.endpoint.web.servlet.AbstractWebMvcEndpointHandlerMapping$OperationHandler.handle(javax.servlet.http.HttpServletRequest,java.util.Map<java.lang.String, java.lang.String>)
2018-10-18 16:35:56.683 [restartedMain] INFO  o.s.b.a.e.web.servlet.WebMvcEndpointHandlerMapping -Mapped "{[/actuator/conditions],methods=[GET],produces=[application/vnd.spring-boot.actuator.v2+json || application/json]}" onto public java.lang.Object org.springframework.boot.actuate.endpoint.web.servlet.AbstractWebMvcEndpointHandlerMapping$OperationHandler.handle(javax.servlet.http.HttpServletRequest,java.util.Map<java.lang.String, java.lang.String>)
2018-10-18 16:35:56.683 [restartedMain] INFO  o.s.b.a.e.web.servlet.WebMvcEndpointHandlerMapping -Mapped "{[/actuator/shutdown],methods=[POST],produces=[application/vnd.spring-boot.actuator.v2+json || application/json]}" onto public java.lang.Object org.springframework.boot.actuate.endpoint.web.servlet.AbstractWebMvcEndpointHandlerMapping$OperationHandler.handle(javax.servlet.http.HttpServletRequest,java.util.Map<java.lang.String, java.lang.String>)
2018-10-18 16:35:56.683 [restartedMain] INFO  o.s.b.a.e.web.servlet.WebMvcEndpointHandlerMapping -Mapped "{[/actuator/configprops],methods=[GET],produces=[application/vnd.spring-boot.actuator.v2+json || application/json]}" onto public java.lang.Object org.springframework.boot.actuate.endpoint.web.servlet.AbstractWebMvcEndpointHandlerMapping$OperationHandler.handle(javax.servlet.http.HttpServletRequest,java.util.Map<java.lang.String, java.lang.String>)
2018-10-18 16:35:56.684 [restartedMain] INFO  o.s.b.a.e.web.servlet.WebMvcEndpointHandlerMapping -Mapped "{[/actuator/env],methods=[GET],produces=[application/vnd.spring-boot.actuator.v2+json || application/json]}" onto public java.lang.Object org.springframework.boot.actuate.endpoint.web.servlet.AbstractWebMvcEndpointHandlerMapping$OperationHandler.handle(javax.servlet.http.HttpServletRequest,java.util.Map<java.lang.String, java.lang.String>)
2018-10-18 16:35:56.684 [restartedMain] INFO  o.s.b.a.e.web.servlet.WebMvcEndpointHandlerMapping -Mapped "{[/actuator/env/{toMatch}],methods=[GET],produces=[application/vnd.spring-boot.actuator.v2+json || application/json]}" onto public java.lang.Object org.springframework.boot.actuate.endpoint.web.servlet.AbstractWebMvcEndpointHandlerMapping$OperationHandler.handle(javax.servlet.http.HttpServletRequest,java.util.Map<java.lang.String, java.lang.String>)
2018-10-18 16:35:56.684 [restartedMain] INFO  o.s.b.a.e.web.servlet.WebMvcEndpointHandlerMapping -Mapped "{[/actuator/info],methods=[GET],produces=[application/vnd.spring-boot.actuator.v2+json || application/json]}" onto public java.lang.Object org.springframework.boot.actuate.endpoint.web.servlet.AbstractWebMvcEndpointHandlerMapping$OperationHandler.handle(javax.servlet.http.HttpServletRequest,java.util.Map<java.lang.String, java.lang.String>)
2018-10-18 16:35:56.684 [restartedMain] INFO  o.s.b.a.e.web.servlet.WebMvcEndpointHandlerMapping -Mapped "{[/actuator/loggers],methods=[GET],produces=[application/vnd.spring-boot.actuator.v2+json || application/json]}" onto public java.lang.Object org.springframework.boot.actuate.endpoint.web.servlet.AbstractWebMvcEndpointHandlerMapping$OperationHandler.handle(javax.servlet.http.HttpServletRequest,java.util.Map<java.lang.String, java.lang.String>)
2018-10-18 16:35:56.684 [restartedMain] INFO  o.s.b.a.e.web.servlet.WebMvcEndpointHandlerMapping -Mapped "{[/actuator/loggers/{name}],methods=[GET],produces=[application/vnd.spring-boot.actuator.v2+json || application/json]}" onto public java.lang.Object org.springframework.boot.actuate.endpoint.web.servlet.AbstractWebMvcEndpointHandlerMapping$OperationHandler.handle(javax.servlet.http.HttpServletRequest,java.util.Map<java.lang.String, java.lang.String>)
2018-10-18 16:35:56.685 [restartedMain] INFO  o.s.b.a.e.web.servlet.WebMvcEndpointHandlerMapping -Mapped "{[/actuator/loggers/{name}],methods=[POST],consumes=[application/vnd.spring-boot.actuator.v2+json || application/json]}" onto public java.lang.Object org.springframework.boot.actuate.endpoint.web.servlet.AbstractWebMvcEndpointHandlerMapping$OperationHandler.handle(javax.servlet.http.HttpServletRequest,java.util.Map<java.lang.String, java.lang.String>)
2018-10-18 16:35:56.686 [restartedMain] INFO  o.s.b.a.e.web.servlet.WebMvcEndpointHandlerMapping -Mapped "{[/actuator/heapdump],methods=[GET],produces=[application/octet-stream]}" onto public java.lang.Object org.springframework.boot.actuate.endpoint.web.servlet.AbstractWebMvcEndpointHandlerMapping$OperationHandler.handle(javax.servlet.http.HttpServletRequest,java.util.Map<java.lang.String, java.lang.String>)
2018-10-18 16:35:56.687 [restartedMain] INFO  o.s.b.a.e.web.servlet.WebMvcEndpointHandlerMapping -Mapped "{[/actuator/threaddump],methods=[GET],produces=[application/vnd.spring-boot.actuator.v2+json || application/json]}" onto public java.lang.Object org.springframework.boot.actuate.endpoint.web.servlet.AbstractWebMvcEndpointHandlerMapping$OperationHandler.handle(javax.servlet.http.HttpServletRequest,java.util.Map<java.lang.String, java.lang.String>)
2018-10-18 16:35:56.687 [restartedMain] INFO  o.s.b.a.e.web.servlet.WebMvcEndpointHandlerMapping -Mapped "{[/actuator/metrics],methods=[GET],produces=[application/vnd.spring-boot.actuator.v2+json || application/json]}" onto public java.lang.Object org.springframework.boot.actuate.endpoint.web.servlet.AbstractWebMvcEndpointHandlerMapping$OperationHandler.handle(javax.servlet.http.HttpServletRequest,java.util.Map<java.lang.String, java.lang.String>)
2018-10-18 16:35:56.687 [restartedMain] INFO  o.s.b.a.e.web.servlet.WebMvcEndpointHandlerMapping -Mapped "{[/actuator/metrics/{requiredMetricName}],methods=[GET],produces=[application/vnd.spring-boot.actuator.v2+json || application/json]}" onto public java.lang.Object org.springframework.boot.actuate.endpoint.web.servlet.AbstractWebMvcEndpointHandlerMapping$OperationHandler.handle(javax.servlet.http.HttpServletRequest,java.util.Map<java.lang.String, java.lang.String>)
2018-10-18 16:35:56.688 [restartedMain] INFO  o.s.b.a.e.web.servlet.WebMvcEndpointHandlerMapping -Mapped "{[/actuator/scheduledtasks],methods=[GET],produces=[application/vnd.spring-boot.actuator.v2+json || application/json]}" onto public java.lang.Object org.springframework.boot.actuate.endpoint.web.servlet.AbstractWebMvcEndpointHandlerMapping$OperationHandler.handle(javax.servlet.http.HttpServletRequest,java.util.Map<java.lang.String, java.lang.String>)
2018-10-18 16:35:56.688 [restartedMain] INFO  o.s.b.a.e.web.servlet.WebMvcEndpointHandlerMapping -Mapped "{[/actuator/httptrace],methods=[GET],produces=[application/vnd.spring-boot.actuator.v2+json || application/json]}" onto public java.lang.Object org.springframework.boot.actuate.endpoint.web.servlet.AbstractWebMvcEndpointHandlerMapping$OperationHandler.handle(javax.servlet.http.HttpServletRequest,java.util.Map<java.lang.String, java.lang.String>)
2018-10-18 16:35:56.688 [restartedMain] INFO  o.s.b.a.e.web.servlet.WebMvcEndpointHandlerMapping -Mapped "{[/actuator/mappings],methods=[GET],produces=[application/vnd.spring-boot.actuator.v2+json || application/json]}" onto public java.lang.Object org.springframework.boot.actuate.endpoint.web.servlet.AbstractWebMvcEndpointHandlerMapping$OperationHandler.handle(javax.servlet.http.HttpServletRequest,java.util.Map<java.lang.String, java.lang.String>)
2018-10-18 16:35:56.689 [restartedMain] INFO  o.s.b.a.e.web.servlet.WebMvcEndpointHandlerMapping -Mapped "{[/actuator],methods=[GET],produces=[application/vnd.spring-boot.actuator.v2+json || application/json]}" onto protected java.util.Map<java.lang.String, java.util.Map<java.lang.String, org.springframework.boot.actuate.endpoint.web.Link>> org.springframework.boot.actuate.endpoint.web.servlet.WebMvcEndpointHandlerMapping.links(javax.servlet.http.HttpServletRequest,javax.servlet.http.HttpServletResponse)
2018-10-18 16:35:56.749 [restartedMain] INFO  o.s.jmx.export.annotation.AnnotationMBeanExporter -Registering beans for JMX exposure on startup
2018-10-18 16:35:56.750 [restartedMain] INFO  o.s.jmx.export.annotation.AnnotationMBeanExporter -Bean with name 'dataSource' has been autodetected for JMX exposure
2018-10-18 16:35:56.755 [restartedMain] INFO  o.s.jmx.export.annotation.AnnotationMBeanExporter -Located MBean 'dataSource': registering with JMX server as MBean [com.alibaba.druid.pool:name=dataSource,type=DruidDataSource]
2018-10-18 16:35:56.768 [restartedMain] INFO  org.apache.coyote.http11.Http11NioProtocol -Starting ProtocolHandler ["http-nio-8324"]
2018-10-18 16:35:56.776 [restartedMain] INFO  org.apache.tomcat.util.net.NioSelectorPool -Using a shared selector for servlet write/read
2018-10-18 16:35:56.789 [restartedMain] INFO  o.s.boot.web.embedded.tomcat.TomcatWebServer -Tomcat started on port(s): 8324 (http) with context path ''
2018-10-18 16:35:56.793 [restartedMain] INFO  appMonitor.Application -Started Application in 4.189 seconds (JVM running for 5.858)
2018-10-18 16:35:57.630 [RMI TCP Connection(4)-127.0.0.1] INFO  com.alibaba.druid.pool.DruidDataSource -{dataSource-1} inited
2018-10-18 16:35:57.644 [RMI TCP Connection(7)-127.0.0.1] INFO  o.a.c.core.ContainerBase.[Tomcat].[localhost].[/] -Initializing Spring FrameworkServlet 'dispatcherServlet'
2018-10-18 16:35:57.645 [RMI TCP Connection(7)-127.0.0.1] INFO  org.springframework.web.servlet.DispatcherServlet -FrameworkServlet 'dispatcherServlet': initialization started
2018-10-18 16:35:57.667 [RMI TCP Connection(7)-127.0.0.1] INFO  org.springframework.web.servlet.DispatcherServlet -FrameworkServlet 'dispatcherServlet': initialization completed in 21 ms
2018-10-18 16:39:03.321 [http-nio-8324-exec-1] INFO  appMonitor.common.aspect.LoginAspect -登陆前拦截类：LoginController
2018-10-18 16:39:03.323 [http-nio-8324-exec-1] INFO  appMonitor.common.aspect.LoginAspect -登陆后。。。。。。。。。。。。。
2018-10-18 16:39:06.488 [http-nio-8324-exec-8] INFO  appMonitor.common.aspect.LoginAspect -登陆前拦截类：LoginController
2018-10-18 16:39:06.489 [http-nio-8324-exec-8] INFO  appMonitor.common.aspect.LoginAspect -登陆后。。。。。。。。。。。。。
2018-10-18 16:39:06.505 [http-nio-8324-exec-10] INFO  appMonitor.common.aspect.LoginAspect -登陆前拦截类：LoginController
2018-10-18 16:39:06.505 [http-nio-8324-exec-10] INFO  appMonitor.common.aspect.LoginAspect -登陆后。。。。。。。。。。。。。
2018-10-18 16:39:08.784 [http-nio-8324-exec-9] INFO  appMonitor.common.aspect.LoginAspect -登陆前拦截类：AppController
2018-10-18 16:39:08.786 [http-nio-8324-exec-9] INFO  appMonitor.controller.AppController -===appInstallpage is begin===
2018-10-18 16:39:08.787 [http-nio-8324-exec-9] INFO  appMonitor.controller.AppController -===appInstallpage is ok===
2018-10-18 16:39:08.787 [http-nio-8324-exec-9] INFO  appMonitor.common.aspect.LoginAspect -登陆后。。。。。。。。。。。。。
